{"/Users/joelpatrickdurham/alchemy/career-track/week-03/travel-manager/lib/models/Trip.js": {"path":"/Users/joelpatrickdurham/alchemy/career-track/week-03/travel-manager/lib/models/Trip.js","statementMap":{"0":{"start":{"line":1,"column":17},"end":{"line":1,"column":36}},"1":{"start":{"line":3,"column":15},"end":{"line":12,"column":2}},"2":{"start":{"line":14,"column":0},"end":{"line":14,"column":48}}},"fnMap":{},"branchMap":{},"s":{"0":3,"1":3,"2":3},"f":{},"b":{},"_coverageSchema":"43e27e138ebf9cfc5966b082cf9a028302ed4184","hash":"581168923ef113d9a4879b0dca60e79345200c8f"}
}
