TN:
SF:/Users/joelpatrickdurham/alchemy/career-track/week-03/travel-manager/lib/routes/trips.js
FN:6,(anonymous_0)
FN:9,(anonymous_1)
FN:11,(anonymous_2)
FN:15,(anonymous_3)
FN:17,(anonymous_4)
FN:20,(anonymous_5)
FN:22,(anonymous_6)
FN:25,(anonymous_7)
FNF:8
FNH:8
FNDA:1,(anonymous_0)
FNDA:1,(anonymous_1)
FNDA:1,(anonymous_2)
FNDA:1,(anonymous_3)
FNDA:1,(anonymous_4)
FNDA:1,(anonymous_5)
FNDA:1,(anonymous_6)
FNDA:1,(anonymous_7)
DA:1,1
DA:2,1
DA:5,1
DA:7,1
DA:9,1
DA:12,1
DA:15,1
DA:18,1
DA:20,1
DA:23,1
DA:25,1
LF:11
LH:11
BRF:0
BRH:0
end_of_record
